This file contains any messages produced by compilers while
running configure, to aid debugging if configure makes a mistake.

It was created by hello configure 1.0, which was
generated by GNU Autoconf 2.68.  Invocation command line was

  $ ./configure --no-create --no-recursion

## --------- ##
## Platform. ##
## --------- ##

hostname = ubuntu
uname -m = i686
uname -r = 3.0.0-13-generic
uname -s = Linux
uname -v = #22-Ubuntu SMP Wed Nov 2 13:25:36 UTC 2011

/usr/bin/uname -p = unknown
/bin/uname -X     = unknown

/bin/arch              = unknown
/usr/bin/arch -k       = unknown
/usr/convex/getsysinfo = unknown
/usr/bin/hostinfo      = unknown
/bin/machine           = unknown
/usr/bin/oslevel       = unknown
/bin/universe          = unknown

PATH: /usr/lib/lightdm/lightdm
PATH: /usr/local/sbin
PATH: /usr/local/bin
PATH: /usr/sbin
PATH: /usr/bin
PATH: /sbin
PATH: /bin
PATH: /usr/games


## ----------- ##
## Core tests. ##
## ----------- ##

configure:2161: checking for a BSD-compatible install
configure:2229: result: /usr/bin/install -c
configure:2240: checking whether build environment is sane
configure:2290: result: yes
configure:2431: checking for a thread-safe mkdir -p
configure:2470: result: /bin/mkdir -p
configure:2483: checking for gawk
configure:2499: found /usr/bin/gawk
configure:2510: result: gawk
configure:2521: checking whether make sets $(MAKE)
configure:2543: result: yes
configure:2639: checking for style of include used by make
configure:2667: result: GNU
configure:2737: checking for gcc
configure:2753: found /usr/bin/gcc
configure:2764: result: gcc
configure:2993: checking for C compiler version
configure:3002: gcc --version >&5
gcc (Ubuntu/Linaro 4.6.1-9ubuntu3) 4.6.1
Copyright (C) 2011 Free Software Foundation, Inc.
This is free software; see the source for copying conditions.  There is NO
warranty; not even for MERCHANTABILITY or FITNESS FOR A PARTICULAR PURPOSE.

configure:3013: $? = 0
configure:3002: gcc -v >&5
Using built-in specs.
COLLECT_GCC=gcc
COLLECT_LTO_WRAPPER=/usr/lib/gcc/i686-linux-gnu/4.6.1/lto-wrapper
Target: i686-linux-gnu
Configured with: ../src/configure -v --with-pkgversion='Ubuntu/Linaro 4.6.1-9ubuntu3' --with-bugurl=file:///usr/share/doc/gcc-4.6/README.Bugs --enable-languages=c,c++,fortran,objc,obj-c++,go --prefix=/usr --program-suffix=-4.6 --enable-shared --enable-linker-build-id --with-system-zlib --libexecdir=/usr/lib --without-included-gettext --enable-threads=posix --with-gxx-include-dir=/usr/include/c++/4.6 --libdir=/usr/lib --enable-nls --with-sysroot=/ --enable-clocale=gnu --enable-libstdcxx-debug --enable-libstdcxx-time=yes --enable-plugin --enable-objc-gc --enable-targets=all --disable-werror --with-arch-32=i686 --with-tune=generic --enable-checking=release --build=i686-linux-gnu --host=i686-linux-gnu --target=i686-linux-gnu
Thread model: posix
gcc version 4.6.1 (Ubuntu/Linaro 4.6.1-9ubuntu3) 
configure:3013: $? = 0
configure:3002: gcc -V >&5
gcc: error: unrecognized option '-V'
gcc: fatal error: no input files
compilation terminated.
configure:3013: $? = 4
configure:3002: gcc -qversion >&5
gcc: error: unrecognized option '-qversion'
gcc: fatal error: no input files
compilation terminated.
configure:3013: $? = 4
configure:3033: checking whether the C compiler works
configure:3055: gcc    conftest.c  >&5
configure:3059: $? = 0
configure:3107: result: yes
configure:3110: checking for C compiler default output file name
configure:3112: result: a.out
configure:3118: checking for suffix of executables
configure:3125: gcc -o conftest    conftest.c  >&5
configure:3129: $? = 0
configure:3151: result: 
configure:3173: checking whether we are cross compiling
configure:3181: gcc -o conftest    conftest.c  >&5
configure:3185: $? = 0
configure:3192: ./conftest
configure:3196: $? = 0
configure:3211: result: no
configure:3216: checking for suffix of object files
configure:3238: gcc -c   conftest.c >&5
configure:3242: $? = 0
configure:3263: result: o
configure:3267: checking whether we are using the GNU C compiler
configure:3286: gcc -c   conftest.c >&5
configure:3286: $? = 0
configure:3295: result: yes
configure:3304: checking whether gcc accepts -g
configure:3324: gcc -c -g  conftest.c >&5
configure:3324: $? = 0
configure:3365: result: yes
configure:3382: checking for gcc option to accept ISO C89
configure:3446: gcc  -c -g -O2  conftest.c >&5
configure:3446: $? = 0
configure:3459: result: none needed
configure:3481: checking dependency style of gcc
configure:3591: result: gcc3
configure:3609: checking for gettimeofday
configure:3609: gcc -o conftest -g -O2   conftest.c  >&5
configure:3609: $? = 0
configure:3609: result: yes
configure:3623: checking how to run the C preprocessor
configure:3654: gcc -E  conftest.c
configure:3654: $? = 0
configure:3668: gcc -E  conftest.c
conftest.c:12:28: fatal error: ac_nonexistent.h: No such file or directory
compilation terminated.
configure:3668: $? = 1
configure: failed program was:
| /* confdefs.h */
| #define PACKAGE_NAME "hello"
| #define PACKAGE_TARNAME "hello"
| #define PACKAGE_VERSION "1.0"
| #define PACKAGE_STRING "hello 1.0"
| #define PACKAGE_BUGREPORT "BUG-REPORT-ADDRESS"
| #define PACKAGE_URL ""
| #define PACKAGE "hello"
| #define VERSION "1.0"
| #define HAVE_GETTIMEOFDAY 1
| /* end confdefs.h.  */
| #include <ac_nonexistent.h>
configure:3693: result: gcc -E
configure:3713: gcc -E  conftest.c
configure:3713: $? = 0
configure:3727: gcc -E  conftest.c
conftest.c:12:28: fatal error: ac_nonexistent.h: No such file or directory
compilation terminated.
configure:3727: $? = 1
configure: failed program was:
| /* confdefs.h */
| #define PACKAGE_NAME "hello"
| #define PACKAGE_TARNAME "hello"
| #define PACKAGE_VERSION "1.0"
| #define PACKAGE_STRING "hello 1.0"
| #define PACKAGE_BUGREPORT "BUG-REPORT-ADDRESS"
| #define PACKAGE_URL ""
| #define PACKAGE "hello"
| #define VERSION "1.0"
| #define HAVE_GETTIMEOFDAY 1
| /* end confdefs.h.  */
| #include <ac_nonexistent.h>
configure:3756: checking for grep that handles long lines and -e
configure:3814: result: /bin/grep
configure:3819: checking for egrep
configure:3881: result: /bin/grep -E
configure:3886: checking for ANSI C header files
configure:3906: gcc -c -g -O2  conftest.c >&5
configure:3906: $? = 0
configure:3979: gcc -o conftest -g -O2   conftest.c  >&5
configure:3979: $? = 0
configure:3979: ./conftest
configure:3979: $? = 0
configure:3990: result: yes
configure:4003: checking for sys/types.h
configure:4003: gcc -c -g -O2  conftest.c >&5
configure:4003: $? = 0
configure:4003: result: yes
configure:4003: checking for sys/stat.h
configure:4003: gcc -c -g -O2  conftest.c >&5
configure:4003: $? = 0
configure:4003: result: yes
configure:4003: checking for stdlib.h
configure:4003: gcc -c -g -O2  conftest.c >&5
configure:4003: $? = 0
configure:4003: result: yes
configure:4003: checking for string.h
configure:4003: gcc -c -g -O2  conftest.c >&5
configure:4003: $? = 0
configure:4003: result: yes
configure:4003: checking for memory.h
configure:4003: gcc -c -g -O2  conftest.c >&5
configure:4003: $? = 0
configure:4003: result: yes
configure:4003: checking for strings.h
configure:4003: gcc -c -g -O2  conftest.c >&5
configure:4003: $? = 0
configure:4003: result: yes
configure:4003: checking for inttypes.h
configure:4003: gcc -c -g -O2  conftest.c >&5
configure:4003: $? = 0
configure:4003: result: yes
configure:4003: checking for stdint.h
configure:4003: gcc -c -g -O2  conftest.c >&5
configure:4003: $? = 0
configure:4003: result: yes
configure:4003: checking for unistd.h
configure:4003: gcc -c -g -O2  conftest.c >&5
configure:4003: $? = 0
configure:4003: result: yes
configure:4017: checking sys/time.h usability
configure:4017: gcc -c -g -O2  conftest.c >&5
configure:4017: $? = 0
configure:4017: result: yes
configure:4017: checking sys/time.h presence
configure:4017: gcc -E  conftest.c
configure:4017: $? = 0
configure:4017: result: yes
configure:4017: checking for sys/time.h
configure:4017: result: yes
configure:4078: checking for gcc
configure:4105: result: gcc
configure:4334: checking for C compiler version
configure:4343: gcc --version >&5
gcc (Ubuntu/Linaro 4.6.1-9ubuntu3) 4.6.1
Copyright (C) 2011 Free Software Foundation, Inc.
This is free software; see the source for copying conditions.  There is NO
warranty; not even for MERCHANTABILITY or FITNESS FOR A PARTICULAR PURPOSE.

configure:4354: $? = 0
configure:4343: gcc -v >&5
Using built-in specs.
COLLECT_GCC=gcc
COLLECT_LTO_WRAPPER=/usr/lib/gcc/i686-linux-gnu/4.6.1/lto-wrapper
Target: i686-linux-gnu
Configured with: ../src/configure -v --with-pkgversion='Ubuntu/Linaro 4.6.1-9ubuntu3' --with-bugurl=file:///usr/share/doc/gcc-4.6/README.Bugs --enable-languages=c,c++,fortran,objc,obj-c++,go --prefix=/usr --program-suffix=-4.6 --enable-shared --enable-linker-build-id --with-system-zlib --libexecdir=/usr/lib --without-included-gettext --enable-threads=posix --with-gxx-include-dir=/usr/include/c++/4.6 --libdir=/usr/lib --enable-nls --with-sysroot=/ --enable-clocale=gnu --enable-libstdcxx-debug --enable-libstdcxx-time=yes --enable-plugin --enable-objc-gc --enable-targets=all --disable-werror --with-arch-32=i686 --with-tune=generic --enable-checking=release --build=i686-linux-gnu --host=i686-linux-gnu --target=i686-linux-gnu
Thread model: posix
gcc version 4.6.1 (Ubuntu/Linaro 4.6.1-9ubuntu3) 
configure:4354: $? = 0
configure:4343: gcc -V >&5
gcc: error: unrecognized option '-V'
gcc: fatal error: no input files
compilation terminated.
configure:4354: $? = 4
configure:4343: gcc -qversion >&5
gcc: error: unrecognized option '-qversion'
gcc: fatal error: no input files
compilation terminated.
configure:4354: $? = 4
configure:4358: checking whether we are using the GNU C compiler
configure:4386: result: yes
configure:4395: checking whether gcc accepts -g
configure:4456: result: yes
configure:4473: checking for gcc option to accept ISO C89
configure:4550: result: none needed
configure:4572: checking dependency style of gcc
configure:4682: result: gcc3
configure:4742: checking for ranlib
configure:4758: found /usr/bin/ranlib
configure:4769: result: ranlib
configure:4934: creating ./config.status

## ---------------- ##
## Cache variables. ##
## ---------------- ##

ac_cv_c_compiler_gnu=yes
ac_cv_env_CC_set=
ac_cv_env_CC_value=
ac_cv_env_CFLAGS_set=
ac_cv_env_CFLAGS_value=
ac_cv_env_CPPFLAGS_set=
ac_cv_env_CPPFLAGS_value=
ac_cv_env_CPP_set=
ac_cv_env_CPP_value=
ac_cv_env_LDFLAGS_set=
ac_cv_env_LDFLAGS_value=
ac_cv_env_LIBS_set=
ac_cv_env_LIBS_value=
ac_cv_env_build_alias_set=
ac_cv_env_build_alias_value=
ac_cv_env_host_alias_set=
ac_cv_env_host_alias_value=
ac_cv_env_target_alias_set=
ac_cv_env_target_alias_value=
ac_cv_func_gettimeofday=yes
ac_cv_header_inttypes_h=yes
ac_cv_header_memory_h=yes
ac_cv_header_stdc=yes
ac_cv_header_stdint_h=yes
ac_cv_header_stdlib_h=yes
ac_cv_header_string_h=yes
ac_cv_header_strings_h=yes
ac_cv_header_sys_stat_h=yes
ac_cv_header_sys_time_h=yes
ac_cv_header_sys_types_h=yes
ac_cv_header_unistd_h=yes
ac_cv_objext=o
ac_cv_path_EGREP='/bin/grep -E'
ac_cv_path_GREP=/bin/grep
ac_cv_path_install='/usr/bin/install -c'
ac_cv_path_mkdir=/bin/mkdir
ac_cv_prog_AWK=gawk
ac_cv_prog_CPP='gcc -E'
ac_cv_prog_ac_ct_CC=gcc
ac_cv_prog_ac_ct_RANLIB=ranlib
ac_cv_prog_cc_c89=
ac_cv_prog_cc_g=yes
ac_cv_prog_make_make_set=yes
am_cv_CC_dependencies_compiler_type=gcc3

## ----------------- ##
## Output variables. ##
## ----------------- ##

ACLOCAL='${SHELL} /home/tercio/Programming/Examples/autotools2/missing --run aclocal-1.11'
AMDEPBACKSLASH='\'
AMDEP_FALSE='#'
AMDEP_TRUE=''
AMTAR='${SHELL} /home/tercio/Programming/Examples/autotools2/missing --run tar'
AUTOCONF='${SHELL} /home/tercio/Programming/Examples/autotools2/missing --run autoconf'
AUTOHEADER='${SHELL} /home/tercio/Programming/Examples/autotools2/missing --run autoheader'
AUTOMAKE='${SHELL} /home/tercio/Programming/Examples/autotools2/missing --run automake-1.11'
AWK='gawk'
CC='gcc'
CCDEPMODE='depmode=gcc3'
CFLAGS='-g -O2'
CPP='gcc -E'
CPPFLAGS=''
CYGPATH_W='echo'
DEFS='-DHAVE_CONFIG_H'
DEPDIR='.deps'
ECHO_C=''
ECHO_N='-n'
ECHO_T=''
EGREP='/bin/grep -E'
EXEEXT=''
GREP='/bin/grep'
INSTALL_DATA='${INSTALL} -m 644'
INSTALL_PROGRAM='${INSTALL}'
INSTALL_SCRIPT='${INSTALL}'
INSTALL_STRIP_PROGRAM='$(install_sh) -c -s'
LDFLAGS=''
LIBOBJS=''
LIBS=''
LTLIBOBJS=''
MAKEINFO='${SHELL} /home/tercio/Programming/Examples/autotools2/missing --run makeinfo'
MKDIR_P='/bin/mkdir -p'
OBJEXT='o'
PACKAGE='hello'
PACKAGE_BUGREPORT='BUG-REPORT-ADDRESS'
PACKAGE_NAME='hello'
PACKAGE_STRING='hello 1.0'
PACKAGE_TARNAME='hello'
PACKAGE_URL=''
PACKAGE_VERSION='1.0'
PATH_SEPARATOR=':'
RANLIB='ranlib'
SET_MAKE=''
SHELL='/bin/bash'
STRIP=''
VERSION='1.0'
ac_ct_CC='gcc'
am__EXEEXT_FALSE=''
am__EXEEXT_TRUE='#'
am__fastdepCC_FALSE='#'
am__fastdepCC_TRUE=''
am__include='include'
am__isrc=''
am__leading_dot='.'
am__quote=''
am__tar='${AMTAR} chof - "$$tardir"'
am__untar='${AMTAR} xf -'
bindir='${exec_prefix}/bin'
build_alias=''
datadir='${datarootdir}'
datarootdir='${prefix}/share'
docdir='${datarootdir}/doc/${PACKAGE_TARNAME}'
dvidir='${docdir}'
exec_prefix='${prefix}'
host_alias=''
htmldir='${docdir}'
includedir='${prefix}/include'
infodir='${datarootdir}/info'
install_sh='${SHELL} /home/tercio/Programming/Examples/autotools2/install-sh'
libdir='${exec_prefix}/lib'
libexecdir='${exec_prefix}/libexec'
localedir='${datarootdir}/locale'
localstatedir='${prefix}/var'
mandir='${datarootdir}/man'
mkdir_p='/bin/mkdir -p'
oldincludedir='/usr/include'
pdfdir='${docdir}'
prefix='/usr/local'
program_transform_name='s,x,x,'
psdir='${docdir}'
sbindir='${exec_prefix}/sbin'
sharedstatedir='${prefix}/com'
sysconfdir='${prefix}/etc'
target_alias=''

## ----------- ##
## confdefs.h. ##
## ----------- ##

/* confdefs.h */
#define PACKAGE_NAME "hello"
#define PACKAGE_TARNAME "hello"
#define PACKAGE_VERSION "1.0"
#define PACKAGE_STRING "hello 1.0"
#define PACKAGE_BUGREPORT "BUG-REPORT-ADDRESS"
#define PACKAGE_URL ""
#define PACKAGE "hello"
#define VERSION "1.0"
#define HAVE_GETTIMEOFDAY 1
#define STDC_HEADERS 1
#define HAVE_SYS_TYPES_H 1
#define HAVE_SYS_STAT_H 1
#define HAVE_STDLIB_H 1
#define HAVE_STRING_H 1
#define HAVE_MEMORY_H 1
#define HAVE_STRINGS_H 1
#define HAVE_INTTYPES_H 1
#define HAVE_STDINT_H 1
#define HAVE_UNISTD_H 1
#define HAVE_SYS_TIME_H 1

configure: exit 0

## ---------------------- ##
## Running config.status. ##
## ---------------------- ##

This file was extended by hello config.status 1.0, which was
generated by GNU Autoconf 2.68.  Invocation command line was

  CONFIG_FILES    = 
  CONFIG_HEADERS  = 
  CONFIG_LINKS    = 
  CONFIG_COMMANDS = 
  $ ./config.status 

on ubuntu

config.status:864: creating Makefile
config.status:864: creating lib/Makefile
config.status:864: creating lib2/Makefile
config.status:864: creating config.h
config.status:1045: config.h is unchanged
config.status:1093: executing depfiles commands

## ---------------------- ##
## Running config.status. ##
## ---------------------- ##

This file was extended by hello config.status 1.0, which was
generated by GNU Autoconf 2.68.  Invocation command line was

  CONFIG_FILES    = 
  CONFIG_HEADERS  = 
  CONFIG_LINKS    = 
  CONFIG_COMMANDS = 
  $ ./config.status config.h

on ubuntu

config.status:864: creating config.h
config.status:1045: config.h is unchanged
