This file contains any messages produced by compilers while
running configure, to aid debugging if configure makes a mistake.

It was created by src/test configure 0.1.0, which was
generated by GNU Autoconf 2.68.  Invocation command line was

  $ ./configure 

## --------- ##
## Platform. ##
## --------- ##

hostname = ubuntu
uname -m = i686
uname -r = 3.0.0-13-generic
uname -s = Linux
uname -v = #22-Ubuntu SMP Wed Nov 2 13:25:36 UTC 2011

/usr/bin/uname -p = unknown
/bin/uname -X     = unknown

/bin/arch              = unknown
/usr/bin/arch -k       = unknown
/usr/convex/getsysinfo = unknown
/usr/bin/hostinfo      = unknown
/bin/machine           = unknown
/usr/bin/oslevel       = unknown
/bin/universe          = unknown

PATH: /usr/lib/lightdm/lightdm
PATH: /usr/local/sbin
PATH: /usr/local/bin
PATH: /usr/sbin
PATH: /usr/bin
PATH: /sbin
PATH: /bin
PATH: /usr/games


## ----------- ##
## Core tests. ##
## ----------- ##

configure:2127: checking for a BSD-compatible install
configure:2195: result: /usr/bin/install -c
configure:2206: checking whether build environment is sane
configure:2256: result: yes
configure:2397: checking for a thread-safe mkdir -p
configure:2436: result: /bin/mkdir -p
configure:2449: checking for gawk
configure:2465: found /usr/bin/gawk
configure:2476: result: gawk
configure:2487: checking whether make sets $(MAKE)
configure:2509: result: yes
configure:2637: checking for gcc
configure:2653: found /usr/bin/gcc
configure:2664: result: gcc
configure:2893: checking for C compiler version
configure:2902: gcc --version >&5
gcc (Ubuntu/Linaro 4.6.1-9ubuntu3) 4.6.1
Copyright (C) 2011 Free Software Foundation, Inc.
This is free software; see the source for copying conditions.  There is NO
warranty; not even for MERCHANTABILITY or FITNESS FOR A PARTICULAR PURPOSE.

configure:2913: $? = 0
configure:2902: gcc -v >&5
Using built-in specs.
COLLECT_GCC=gcc
COLLECT_LTO_WRAPPER=/usr/lib/gcc/i686-linux-gnu/4.6.1/lto-wrapper
Target: i686-linux-gnu
Configured with: ../src/configure -v --with-pkgversion='Ubuntu/Linaro 4.6.1-9ubuntu3' --with-bugurl=file:///usr/share/doc/gcc-4.6/README.Bugs --enable-languages=c,c++,fortran,objc,obj-c++,go --prefix=/usr --program-suffix=-4.6 --enable-shared --enable-linker-build-id --with-system-zlib --libexecdir=/usr/lib --without-included-gettext --enable-threads=posix --with-gxx-include-dir=/usr/include/c++/4.6 --libdir=/usr/lib --enable-nls --with-sysroot=/ --enable-clocale=gnu --enable-libstdcxx-debug --enable-libstdcxx-time=yes --enable-plugin --enable-objc-gc --enable-targets=all --disable-werror --with-arch-32=i686 --with-tune=generic --enable-checking=release --build=i686-linux-gnu --host=i686-linux-gnu --target=i686-linux-gnu
Thread model: posix
gcc version 4.6.1 (Ubuntu/Linaro 4.6.1-9ubuntu3) 
configure:2913: $? = 0
configure:2902: gcc -V >&5
gcc: error: unrecognized option '-V'
gcc: fatal error: no input files
compilation terminated.
configure:2913: $? = 4
configure:2902: gcc -qversion >&5
gcc: error: unrecognized option '-qversion'
gcc: fatal error: no input files
compilation terminated.
configure:2913: $? = 4
configure:2933: checking whether the C compiler works
configure:2955: gcc    conftest.c  >&5
configure:2959: $? = 0
configure:3007: result: yes
configure:3010: checking for C compiler default output file name
configure:3012: result: a.out
configure:3018: checking for suffix of executables
configure:3025: gcc -o conftest    conftest.c  >&5
configure:3029: $? = 0
configure:3051: result: 
configure:3073: checking whether we are cross compiling
configure:3081: gcc -o conftest    conftest.c  >&5
configure:3085: $? = 0
configure:3092: ./conftest
configure:3096: $? = 0
configure:3111: result: no
configure:3116: checking for suffix of object files
configure:3138: gcc -c   conftest.c >&5
configure:3142: $? = 0
configure:3163: result: o
configure:3167: checking whether we are using the GNU C compiler
configure:3186: gcc -c   conftest.c >&5
configure:3186: $? = 0
configure:3195: result: yes
configure:3204: checking whether gcc accepts -g
configure:3224: gcc -c -g  conftest.c >&5
configure:3224: $? = 0
configure:3265: result: yes
configure:3282: checking for gcc option to accept ISO C89
configure:3346: gcc  -c -g -O2  conftest.c >&5
configure:3346: $? = 0
configure:3359: result: none needed
configure:3390: checking for style of include used by make
configure:3418: result: GNU
configure:3443: checking dependency style of gcc
configure:3553: result: gcc3
configure:3597: checking build system type
configure:3611: result: i686-pc-linux-gnu
configure:3631: checking host system type
configure:3644: result: i686-pc-linux-gnu
configure:3685: checking how to print strings
configure:3712: result: printf
configure:3733: checking for a sed that does not truncate output
configure:3797: result: /bin/sed
configure:3815: checking for grep that handles long lines and -e
configure:3873: result: /bin/grep
configure:3878: checking for egrep
configure:3940: result: /bin/grep -E
configure:3945: checking for fgrep
configure:4007: result: /bin/grep -F
configure:4042: checking for ld used by gcc
configure:4109: result: /usr/bin/ld
configure:4116: checking if the linker (/usr/bin/ld) is GNU ld
configure:4131: result: yes
configure:4143: checking for BSD- or MS-compatible name lister (nm)
configure:4192: result: /usr/bin/nm -B
configure:4322: checking the name lister (/usr/bin/nm -B) interface
configure:4329: gcc -c -g -O2  conftest.c >&5
configure:4332: /usr/bin/nm -B "conftest.o"
configure:4335: output
00000000 B some_variable
configure:4342: result: BSD nm
configure:4345: checking whether ln -s works
configure:4349: result: yes
configure:4357: checking the maximum length of command line arguments
configure:4482: result: 1572864
configure:4499: checking whether the shell understands some XSI constructs
configure:4509: result: yes
configure:4513: checking whether the shell understands "+="
configure:4519: result: yes
configure:4554: checking how to convert i686-pc-linux-gnu file names to i686-pc-linux-gnu format
configure:4594: result: func_convert_file_noop
configure:4601: checking how to convert i686-pc-linux-gnu file names to toolchain format
configure:4621: result: func_convert_file_noop
configure:4628: checking for /usr/bin/ld option to reload object files
configure:4635: result: -r
configure:4709: checking for objdump
configure:4725: found /usr/bin/objdump
configure:4736: result: objdump
configure:4768: checking how to recognize dependent libraries
configure:4970: result: pass_all
configure:5055: checking for dlltool
configure:5085: result: no
configure:5115: checking how to associate runtime and link libraries
configure:5142: result: printf %s\n
configure:5203: checking for ar
configure:5219: found /usr/bin/ar
configure:5230: result: ar
configure:5267: checking for archiver @FILE support
configure:5284: gcc -c -g -O2  conftest.c >&5
configure:5284: $? = 0
configure:5287: ar cru libconftest.a @conftest.lst >&5
configure:5290: $? = 0
configure:5295: ar cru libconftest.a @conftest.lst >&5
ar: conftest.o: No such file or directory
configure:5298: $? = 1
configure:5310: result: @
configure:5368: checking for strip
configure:5384: found /usr/bin/strip
configure:5395: result: strip
configure:5467: checking for ranlib
configure:5483: found /usr/bin/ranlib
configure:5494: result: ranlib
configure:5596: checking command to parse /usr/bin/nm -B output from gcc object
configure:5715: gcc -c -g -O2  conftest.c >&5
configure:5718: $? = 0
configure:5722: /usr/bin/nm -B conftest.o \| sed -n -e 's/^.*[ ]\([ABCDGIRSTW][ABCDGIRSTW]*\)[ ][ ]*\([_A-Za-z][_A-Za-z0-9]*\)$/\1 \2 \2/p' | sed '/ __gnu_lto/d' \> conftest.nm
configure:5725: $? = 0
configure:5791: gcc -o conftest -g -O2   conftest.c conftstm.o >&5
configure:5794: $? = 0
configure:5832: result: ok
configure:5869: checking for sysroot
configure:5899: result: no
configure:6142: checking for mt
configure:6158: found /bin/mt
configure:6169: result: mt
configure:6192: checking if mt is a manifest tool
configure:6198: mt '-?'
configure:6206: result: no
configure:6838: checking how to run the C preprocessor
configure:6869: gcc -E  conftest.c
configure:6869: $? = 0
configure:6883: gcc -E  conftest.c
conftest.c:11:28: fatal error: ac_nonexistent.h: No such file or directory
compilation terminated.
configure:6883: $? = 1
configure: failed program was:
| /* confdefs.h */
| #define PACKAGE_NAME "src/test"
| #define PACKAGE_TARNAME "src-test"
| #define PACKAGE_VERSION "0.1.0"
| #define PACKAGE_STRING "src/test 0.1.0"
| #define PACKAGE_BUGREPORT ""
| #define PACKAGE_URL ""
| #define PACKAGE "src-test"
| #define VERSION "0.1.0"
| /* end confdefs.h.  */
| #include <ac_nonexistent.h>
configure:6908: result: gcc -E
configure:6928: gcc -E  conftest.c
configure:6928: $? = 0
configure:6942: gcc -E  conftest.c
conftest.c:11:28: fatal error: ac_nonexistent.h: No such file or directory
compilation terminated.
configure:6942: $? = 1
configure: failed program was:
| /* confdefs.h */
| #define PACKAGE_NAME "src/test"
| #define PACKAGE_TARNAME "src-test"
| #define PACKAGE_VERSION "0.1.0"
| #define PACKAGE_STRING "src/test 0.1.0"
| #define PACKAGE_BUGREPORT ""
| #define PACKAGE_URL ""
| #define PACKAGE "src-test"
| #define VERSION "0.1.0"
| /* end confdefs.h.  */
| #include <ac_nonexistent.h>
configure:6971: checking for ANSI C header files
configure:6991: gcc -c -g -O2  conftest.c >&5
configure:6991: $? = 0
configure:7064: gcc -o conftest -g -O2   conftest.c  >&5
configure:7064: $? = 0
configure:7064: ./conftest
configure:7064: $? = 0
configure:7075: result: yes
configure:7088: checking for sys/types.h
configure:7088: gcc -c -g -O2  conftest.c >&5
configure:7088: $? = 0
configure:7088: result: yes
configure:7088: checking for sys/stat.h
configure:7088: gcc -c -g -O2  conftest.c >&5
configure:7088: $? = 0
configure:7088: result: yes
configure:7088: checking for stdlib.h
configure:7088: gcc -c -g -O2  conftest.c >&5
configure:7088: $? = 0
configure:7088: result: yes
configure:7088: checking for string.h
configure:7088: gcc -c -g -O2  conftest.c >&5
configure:7088: $? = 0
configure:7088: result: yes
configure:7088: checking for memory.h
configure:7088: gcc -c -g -O2  conftest.c >&5
configure:7088: $? = 0
configure:7088: result: yes
configure:7088: checking for strings.h
configure:7088: gcc -c -g -O2  conftest.c >&5
configure:7088: $? = 0
configure:7088: result: yes
configure:7088: checking for inttypes.h
configure:7088: gcc -c -g -O2  conftest.c >&5
configure:7088: $? = 0
configure:7088: result: yes
configure:7088: checking for stdint.h
configure:7088: gcc -c -g -O2  conftest.c >&5
configure:7088: $? = 0
configure:7088: result: yes
configure:7088: checking for unistd.h
configure:7088: gcc -c -g -O2  conftest.c >&5
configure:7088: $? = 0
configure:7088: result: yes
configure:7102: checking for dlfcn.h
configure:7102: gcc -c -g -O2  conftest.c >&5
configure:7102: $? = 0
configure:7102: result: yes
configure:7289: checking for objdir
configure:7304: result: .libs
configure:7571: checking if gcc supports -fno-rtti -fno-exceptions
configure:7589: gcc -c -g -O2  -fno-rtti -fno-exceptions conftest.c >&5
cc1: warning: command line option '-fno-rtti' is valid for C++/ObjC++ but not for C [enabled by default]
configure:7593: $? = 0
configure:7606: result: no
configure:7916: checking for gcc option to produce PIC
configure:7923: result: -fPIC -DPIC
configure:7931: checking if gcc PIC flag -fPIC -DPIC works
configure:7949: gcc -c -g -O2  -fPIC -DPIC -DPIC conftest.c >&5
configure:7953: $? = 0
configure:7966: result: yes
configure:7995: checking if gcc static flag -static works
configure:8023: result: yes
configure:8038: checking if gcc supports -c -o file.o
configure:8059: gcc -c -g -O2  -o out/conftest2.o conftest.c >&5
configure:8063: $? = 0
configure:8085: result: yes
configure:8093: checking if gcc supports -c -o file.o
configure:8140: result: yes
configure:8173: checking whether the gcc linker (/usr/bin/ld) supports shared libraries
configure:9335: result: yes
configure:9372: checking whether -lc should be explicitly linked in
configure:9380: gcc -c -g -O2  conftest.c >&5
configure:9383: $? = 0
configure:9398: gcc -shared  -fPIC -DPIC conftest.o  -v -Wl,-soname -Wl,conftest -o conftest 2\>\&1 \| /bin/grep  -lc  \>/dev/null 2\>\&1
configure:9401: $? = 0
configure:9415: result: no
configure:9580: checking dynamic linker characteristics
configure:10095: gcc -o conftest -g -O2   -Wl,-rpath -Wl,/foo conftest.c  >&5
configure:10095: $? = 0
configure:10329: result: GNU/Linux ld.so
configure:10436: checking how to hardcode library paths into programs
configure:10461: result: immediate
configure:11001: checking whether stripping libraries is possible
configure:11006: result: yes
configure:11041: checking if libtool supports shared libraries
configure:11043: result: yes
configure:11046: checking whether to build shared libraries
configure:11067: result: yes
configure:11070: checking whether to build static libraries
configure:11074: result: yes
configure:11277: creating ./config.status

## ---------------------- ##
## Running config.status. ##
## ---------------------- ##

This file was extended by src/test config.status 0.1.0, which was
generated by GNU Autoconf 2.68.  Invocation command line was

  CONFIG_FILES    = 
  CONFIG_HEADERS  = 
  CONFIG_LINKS    = 
  CONFIG_COMMANDS = 
  $ ./config.status 

on ubuntu

config.status:1010: creating src/Makefile
config.status:1010: creating lib/Makefile
config.status:1182: executing depfiles commands
config.status:1182: executing libtool commands

## ---------------- ##
## Cache variables. ##
## ---------------- ##

ac_cv_build=i686-pc-linux-gnu
ac_cv_c_compiler_gnu=yes
ac_cv_env_CC_set=
ac_cv_env_CC_value=
ac_cv_env_CFLAGS_set=
ac_cv_env_CFLAGS_value=
ac_cv_env_CPPFLAGS_set=
ac_cv_env_CPPFLAGS_value=
ac_cv_env_CPP_set=
ac_cv_env_CPP_value=
ac_cv_env_LDFLAGS_set=
ac_cv_env_LDFLAGS_value=
ac_cv_env_LIBS_set=
ac_cv_env_LIBS_value=
ac_cv_env_build_alias_set=
ac_cv_env_build_alias_value=
ac_cv_env_host_alias_set=
ac_cv_env_host_alias_value=
ac_cv_env_target_alias_set=
ac_cv_env_target_alias_value=
ac_cv_header_dlfcn_h=yes
ac_cv_header_inttypes_h=yes
ac_cv_header_memory_h=yes
ac_cv_header_stdc=yes
ac_cv_header_stdint_h=yes
ac_cv_header_stdlib_h=yes
ac_cv_header_string_h=yes
ac_cv_header_strings_h=yes
ac_cv_header_sys_stat_h=yes
ac_cv_header_sys_types_h=yes
ac_cv_header_unistd_h=yes
ac_cv_host=i686-pc-linux-gnu
ac_cv_objext=o
ac_cv_path_EGREP='/bin/grep -E'
ac_cv_path_FGREP='/bin/grep -F'
ac_cv_path_GREP=/bin/grep
ac_cv_path_SED=/bin/sed
ac_cv_path_install='/usr/bin/install -c'
ac_cv_path_mkdir=/bin/mkdir
ac_cv_prog_AWK=gawk
ac_cv_prog_CPP='gcc -E'
ac_cv_prog_ac_ct_AR=ar
ac_cv_prog_ac_ct_CC=gcc
ac_cv_prog_ac_ct_MANIFEST_TOOL=mt
ac_cv_prog_ac_ct_OBJDUMP=objdump
ac_cv_prog_ac_ct_RANLIB=ranlib
ac_cv_prog_ac_ct_STRIP=strip
ac_cv_prog_cc_c89=
ac_cv_prog_cc_g=yes
ac_cv_prog_make_make_set=yes
am_cv_CC_dependencies_compiler_type=gcc3
lt_cv_ar_at_file=@
lt_cv_archive_cmds_need_lc=no
lt_cv_deplibs_check_method=pass_all
lt_cv_file_magic_cmd='$MAGIC_CMD'
lt_cv_file_magic_test_file=
lt_cv_ld_reload_flag=-r
lt_cv_nm_interface='BSD nm'
lt_cv_objdir=.libs
lt_cv_path_LD=/usr/bin/ld
lt_cv_path_NM='/usr/bin/nm -B'
lt_cv_path_mainfest_tool=no
lt_cv_prog_compiler_c_o=yes
lt_cv_prog_compiler_pic='-fPIC -DPIC'
lt_cv_prog_compiler_pic_works=yes
lt_cv_prog_compiler_rtti_exceptions=no
lt_cv_prog_compiler_static_works=yes
lt_cv_prog_gnu_ld=yes
lt_cv_sharedlib_from_linklib_cmd='printf %s\n'
lt_cv_shlibpath_overrides_runpath=no
lt_cv_sys_global_symbol_pipe='sed -n -e '\''s/^.*[	 ]\([ABCDGIRSTW][ABCDGIRSTW]*\)[	 ][	 ]*\([_A-Za-z][_A-Za-z0-9]*\)$/\1 \2 \2/p'\'' | sed '\''/ __gnu_lto/d'\'''
lt_cv_sys_global_symbol_to_c_name_address='sed -n -e '\''s/^: \([^ ]*\)[ ]*$/  {\"\1\", (void *) 0},/p'\'' -e '\''s/^[ABCDGIRSTW]* \([^ ]*\) \([^ ]*\)$/  {"\2", (void *) \&\2},/p'\'''
lt_cv_sys_global_symbol_to_c_name_address_lib_prefix='sed -n -e '\''s/^: \([^ ]*\)[ ]*$/  {\"\1\", (void *) 0},/p'\'' -e '\''s/^[ABCDGIRSTW]* \([^ ]*\) \(lib[^ ]*\)$/  {"\2", (void *) \&\2},/p'\'' -e '\''s/^[ABCDGIRSTW]* \([^ ]*\) \([^ ]*\)$/  {"lib\2", (void *) \&\2},/p'\'''
lt_cv_sys_global_symbol_to_cdecl='sed -n -e '\''s/^T .* \(.*\)$/extern int \1();/p'\'' -e '\''s/^[ABCDGIRSTW]* .* \(.*\)$/extern char \1;/p'\'''
lt_cv_sys_max_cmd_len=1572864
lt_cv_to_host_file_cmd=func_convert_file_noop
lt_cv_to_tool_file_cmd=func_convert_file_noop

## ----------------- ##
## Output variables. ##
## ----------------- ##

ACLOCAL='${SHELL} /home/tercio/Programming/Examples/autotools/missing --run aclocal-1.11'
AMDEPBACKSLASH='\'
AMDEP_FALSE='#'
AMDEP_TRUE=''
AMTAR='${SHELL} /home/tercio/Programming/Examples/autotools/missing --run tar'
AR='ar'
AUTOCONF='${SHELL} /home/tercio/Programming/Examples/autotools/missing --run autoconf'
AUTOHEADER='${SHELL} /home/tercio/Programming/Examples/autotools/missing --run autoheader'
AUTOMAKE='${SHELL} /home/tercio/Programming/Examples/autotools/missing --run automake-1.11'
AWK='gawk'
CC='gcc'
CCDEPMODE='depmode=gcc3'
CFLAGS='-g -O2'
CPP='gcc -E'
CPPFLAGS=''
CYGPATH_W='echo'
DEFS='-DPACKAGE_NAME=\"src/test\" -DPACKAGE_TARNAME=\"src-test\" -DPACKAGE_VERSION=\"0.1.0\" -DPACKAGE_STRING=\"src/test\ 0.1.0\" -DPACKAGE_BUGREPORT=\"\" -DPACKAGE_URL=\"\" -DPACKAGE=\"src-test\" -DVERSION=\"0.1.0\" -DSTDC_HEADERS=1 -DHAVE_SYS_TYPES_H=1 -DHAVE_SYS_STAT_H=1 -DHAVE_STDLIB_H=1 -DHAVE_STRING_H=1 -DHAVE_MEMORY_H=1 -DHAVE_STRINGS_H=1 -DHAVE_INTTYPES_H=1 -DHAVE_STDINT_H=1 -DHAVE_UNISTD_H=1 -DHAVE_DLFCN_H=1 -DLT_OBJDIR=\".libs/\"'
DEPDIR='.deps'
DLLTOOL='false'
DSYMUTIL=''
DUMPBIN=''
ECHO_C=''
ECHO_N='-n'
ECHO_T=''
EGREP='/bin/grep -E'
EXEEXT=''
FGREP='/bin/grep -F'
GREP='/bin/grep'
INSTALL_DATA='${INSTALL} -m 644'
INSTALL_PROGRAM='${INSTALL}'
INSTALL_SCRIPT='${INSTALL}'
INSTALL_STRIP_PROGRAM='$(install_sh) -c -s'
LD='/usr/bin/ld'
LDFLAGS=''
LIBOBJS=''
LIBS=''
LIBTOOL='$(SHELL) $(top_builddir)/libtool'
LIPO=''
LN_S='ln -s'
LTLIBOBJS=''
MAKEINFO='${SHELL} /home/tercio/Programming/Examples/autotools/missing --run makeinfo'
MANIFEST_TOOL=':'
MKDIR_P='/bin/mkdir -p'
NM='/usr/bin/nm -B'
NMEDIT=''
OBJDUMP='objdump'
OBJEXT='o'
OTOOL64=''
OTOOL=''
PACKAGE='src-test'
PACKAGE_BUGREPORT=''
PACKAGE_NAME='src/test'
PACKAGE_STRING='src/test 0.1.0'
PACKAGE_TARNAME='src-test'
PACKAGE_URL=''
PACKAGE_VERSION='0.1.0'
PATH_SEPARATOR=':'
RANLIB='ranlib'
SED='/bin/sed'
SET_MAKE=''
SHELL='/bin/bash'
STRIP='strip'
VERSION='0.1.0'
ac_ct_AR='ar'
ac_ct_CC='gcc'
ac_ct_DUMPBIN=''
am__EXEEXT_FALSE=''
am__EXEEXT_TRUE='#'
am__fastdepCC_FALSE='#'
am__fastdepCC_TRUE=''
am__include='include'
am__isrc=''
am__leading_dot='.'
am__quote=''
am__tar='${AMTAR} chof - "$$tardir"'
am__untar='${AMTAR} xf -'
bindir='${exec_prefix}/bin'
build='i686-pc-linux-gnu'
build_alias=''
build_cpu='i686'
build_os='linux-gnu'
build_vendor='pc'
datadir='${datarootdir}'
datarootdir='${prefix}/share'
docdir='${datarootdir}/doc/${PACKAGE_TARNAME}'
dvidir='${docdir}'
exec_prefix='${prefix}'
host='i686-pc-linux-gnu'
host_alias=''
host_cpu='i686'
host_os='linux-gnu'
host_vendor='pc'
htmldir='${docdir}'
includedir='${prefix}/include'
infodir='${datarootdir}/info'
install_sh='${SHELL} /home/tercio/Programming/Examples/autotools/install-sh'
libdir='${exec_prefix}/lib'
libexecdir='${exec_prefix}/libexec'
localedir='${datarootdir}/locale'
localstatedir='${prefix}/var'
mandir='${datarootdir}/man'
mkdir_p='/bin/mkdir -p'
oldincludedir='/usr/include'
pdfdir='${docdir}'
prefix='/usr/local'
program_transform_name='s,x,x,'
psdir='${docdir}'
sbindir='${exec_prefix}/sbin'
sharedstatedir='${prefix}/com'
sysconfdir='${prefix}/etc'
target_alias=''

## ----------- ##
## confdefs.h. ##
## ----------- ##

/* confdefs.h */
#define PACKAGE_NAME "src/test"
#define PACKAGE_TARNAME "src-test"
#define PACKAGE_VERSION "0.1.0"
#define PACKAGE_STRING "src/test 0.1.0"
#define PACKAGE_BUGREPORT ""
#define PACKAGE_URL ""
#define PACKAGE "src-test"
#define VERSION "0.1.0"
#define STDC_HEADERS 1
#define HAVE_SYS_TYPES_H 1
#define HAVE_SYS_STAT_H 1
#define HAVE_STDLIB_H 1
#define HAVE_STRING_H 1
#define HAVE_MEMORY_H 1
#define HAVE_STRINGS_H 1
#define HAVE_INTTYPES_H 1
#define HAVE_STDINT_H 1
#define HAVE_UNISTD_H 1
#define HAVE_DLFCN_H 1
#define LT_OBJDIR ".libs/"

configure: exit 0
